5/26/2020 7:58:00 AM, Info: Initializing SIMPLSharp Services...
5/26/2020 7:58:04 AM, Info: ProjectInfo successfully initialized.
5/26/2020 8:02:59 AM, Info: Validating assembly D:\C#\s#\Crestron-Ssharp-Pincode\PincodeUtility\PincodeUtility\bin\Debug\PincodeUtility.dll...
5/26/2020 8:03:00 AM, Info: Verifying assembly D:\C#\s#\Crestron-Ssharp-Pincode\PincodeUtility\PincodeUtility\bin\Debug\PincodeUtility.dll
5/26/2020 8:03:03 AM, Info: Creating Archive D:\C#\s#\Crestron-Ssharp-Pincode\PincodeUtility\PincodeUtility\bin\Debug\PincodeUtility.cpz...
5/26/2020 8:03:04 AM, Info: Saving project information...
5/26/2020 8:04:26 AM, Info: Validating assembly D:\C#\s#\Crestron-Ssharp-Pincode\PincodeUtility\PincodeUtility\bin\Debug\PincodeUtility.dll...
5/26/2020 8:04:26 AM, Info: Verifying assembly D:\C#\s#\Crestron-Ssharp-Pincode\PincodeUtility\PincodeUtility\bin\Debug\PincodeUtility.dll
5/26/2020 8:04:27 AM, Info: Creating Archive D:\C#\s#\Crestron-Ssharp-Pincode\PincodeUtility\PincodeUtility\bin\Debug\PincodeUtility.cpz...
5/26/2020 8:04:29 AM, Info: Saving project information...
5/26/2020 8:19:18 AM, Info: Validating assembly D:\C#\s#\Crestron-Ssharp-Pincode\PincodeUtility\PincodeUtility\bin\Debug\PincodeUtility.dll...
5/26/2020 8:19:19 AM, Info: Verifying assembly D:\C#\s#\Crestron-Ssharp-Pincode\PincodeUtility\PincodeUtility\bin\Debug\PincodeUtility.dll
5/26/2020 8:19:20 AM, Info: Creating Archive D:\C#\s#\Crestron-Ssharp-Pincode\PincodeUtility\PincodeUtility\bin\Debug\PincodeUtility.cpz...
5/26/2020 8:19:21 AM, Info: Saving project information...
5/26/2020 8:20:19 AM, Info: Validating assembly D:\C#\s#\Crestron-Ssharp-Pincode\PincodeUtility\PincodeUtility\bin\Debug\PincodeUtility.dll...
5/26/2020 8:20:20 AM, Info: Verifying assembly D:\C#\s#\Crestron-Ssharp-Pincode\PincodeUtility\PincodeUtility\bin\Debug\PincodeUtility.dll
5/26/2020 8:20:20 AM, Info: Creating Archive D:\C#\s#\Crestron-Ssharp-Pincode\PincodeUtility\PincodeUtility\bin\Debug\PincodeUtility.cpz...
5/26/2020 8:20:22 AM, Info: Saving project information...
5/26/2020 8:25:50 AM, Info: Validating assembly D:\C#\s#\Crestron-Ssharp-Pincode\PincodeUtility\PincodeUtility\bin\Debug\PincodeUtility.dll...
5/26/2020 8:25:52 AM, Info: Verifying assembly D:\C#\s#\Crestron-Ssharp-Pincode\PincodeUtility\PincodeUtility\bin\Debug\PincodeUtility.dll
5/26/2020 8:25:53 AM, Info: Creating Archive D:\C#\s#\Crestron-Ssharp-Pincode\PincodeUtility\PincodeUtility\bin\Debug\PincodeUtility.cpz...
5/26/2020 8:25:55 AM, Info: Saving project information...
5/26/2020 8:34:43 AM, Info: Validating assembly D:\C#\s#\Crestron-Ssharp-Pincode\PincodeUtility\PincodeUtility\bin\Debug\PincodeUtility.dll...
5/26/2020 8:34:45 AM, Info: Verifying assembly D:\C#\s#\Crestron-Ssharp-Pincode\PincodeUtility\PincodeUtility\bin\Debug\PincodeUtility.dll
5/26/2020 8:34:47 AM, Info: Creating Archive D:\C#\s#\Crestron-Ssharp-Pincode\PincodeUtility\PincodeUtility\bin\Debug\PincodeUtility.cpz...
5/26/2020 8:34:50 AM, Info: Saving project information...
5/26/2020 8:53:13 AM, Info: Validating assembly D:\C#\s#\Crestron-Ssharp-Pincode\PincodeUtility\PincodeUtility\bin\Debug\PincodeUtility.dll...
5/26/2020 8:53:14 AM, Info: Verifying assembly D:\C#\s#\Crestron-Ssharp-Pincode\PincodeUtility\PincodeUtility\bin\Debug\PincodeUtility.dll
5/26/2020 8:53:16 AM, Info: Creating Archive D:\C#\s#\Crestron-Ssharp-Pincode\PincodeUtility\PincodeUtility\bin\Debug\PincodeUtility.cpz...
5/26/2020 8:53:17 AM, Info: Saving project information...
5/26/2020 8:55:55 AM, Info: Validating assembly D:\C#\s#\Crestron-Ssharp-Pincode\PincodeUtility\PincodeUtility\bin\Debug\PincodeUtility.dll...
5/26/2020 8:55:56 AM, Info: Verifying assembly D:\C#\s#\Crestron-Ssharp-Pincode\PincodeUtility\PincodeUtility\bin\Debug\PincodeUtility.dll
5/26/2020 8:55:56 AM, Info: Creating Archive D:\C#\s#\Crestron-Ssharp-Pincode\PincodeUtility\PincodeUtility\bin\Debug\PincodeUtility.cpz...
5/26/2020 8:55:57 AM, Info: Saving project information...
5/26/2020 8:58:37 AM, Info: Validating assembly D:\C#\s#\Crestron-Ssharp-Pincode\PincodeUtility\PincodeUtility\bin\Debug\PincodeUtility.dll...
5/26/2020 8:58:37 AM, Info: Verifying assembly D:\C#\s#\Crestron-Ssharp-Pincode\PincodeUtility\PincodeUtility\bin\Debug\PincodeUtility.dll
5/26/2020 8:58:37 AM, Info: Creating Archive D:\C#\s#\Crestron-Ssharp-Pincode\PincodeUtility\PincodeUtility\bin\Debug\PincodeUtility.cpz...
5/26/2020 8:58:38 AM, Info: Saving project information...
5/26/2020 9:01:37 AM, Info: Validating assembly D:\C#\s#\Crestron-Ssharp-Pincode\PincodeUtility\PincodeUtility\bin\Debug\PincodeUtility.dll...
5/26/2020 9:01:38 AM, Info: Verifying assembly D:\C#\s#\Crestron-Ssharp-Pincode\PincodeUtility\PincodeUtility\bin\Debug\PincodeUtility.dll
5/26/2020 9:01:38 AM, Info: Creating Archive D:\C#\s#\Crestron-Ssharp-Pincode\PincodeUtility\PincodeUtility\bin\Debug\PincodeUtility.cpz...
5/26/2020 9:01:39 AM, Info: Saving project information...
5/26/2020 9:03:07 AM, Info: Validating assembly D:\C#\s#\Crestron-Ssharp-Pincode\PincodeUtility\PincodeUtility\bin\Debug\PincodeUtility.dll...
5/26/2020 9:03:07 AM, Info: Verifying assembly D:\C#\s#\Crestron-Ssharp-Pincode\PincodeUtility\PincodeUtility\bin\Debug\PincodeUtility.dll
5/26/2020 9:03:07 AM, Info: Creating Archive D:\C#\s#\Crestron-Ssharp-Pincode\PincodeUtility\PincodeUtility\bin\Debug\PincodeUtility.cpz...
5/26/2020 9:03:09 AM, Info: Saving project information...
5/26/2020 9:08:48 AM, Info: Validating assembly D:\C#\s#\Crestron-Ssharp-Pincode\PincodeUtility\PincodeUtility\bin\Debug\PincodeUtility.dll...
5/26/2020 9:08:48 AM, Info: Verifying assembly D:\C#\s#\Crestron-Ssharp-Pincode\PincodeUtility\PincodeUtility\bin\Debug\PincodeUtility.dll
5/26/2020 9:08:49 AM, Info: Creating Archive D:\C#\s#\Crestron-Ssharp-Pincode\PincodeUtility\PincodeUtility\bin\Debug\PincodeUtility.cpz...
5/26/2020 9:08:50 AM, Info: Saving project information...
5/26/2020 9:12:51 AM, Info: Validating assembly D:\C#\s#\Crestron-Ssharp-Pincode\PincodeUtility\PincodeUtility\bin\Debug\PincodeUtility.dll...
5/26/2020 9:12:52 AM, Info: Verifying assembly D:\C#\s#\Crestron-Ssharp-Pincode\PincodeUtility\PincodeUtility\bin\Debug\PincodeUtility.dll
5/26/2020 9:12:52 AM, Info: Creating Archive D:\C#\s#\Crestron-Ssharp-Pincode\PincodeUtility\PincodeUtility\bin\Debug\PincodeUtility.cpz...
5/26/2020 9:12:53 AM, Info: Saving project information...
5/26/2020 9:22:32 AM, Info: Validating assembly D:\C#\s#\Crestron-Ssharp-Pincode\PincodeUtility\PincodeUtility\bin\Debug\PincodeUtility.dll...
5/26/2020 9:22:32 AM, Info: Verifying assembly D:\C#\s#\Crestron-Ssharp-Pincode\PincodeUtility\PincodeUtility\bin\Debug\PincodeUtility.dll
5/26/2020 9:22:32 AM, Info: Creating Archive D:\C#\s#\Crestron-Ssharp-Pincode\PincodeUtility\PincodeUtility\bin\Debug\PincodeUtility.cpz...
5/26/2020 9:22:34 AM, Info: Saving project information...
5/26/2020 9:23:44 AM, Info: Validating assembly D:\C#\s#\Crestron-Ssharp-Pincode\PincodeUtility\PincodeUtility\bin\Debug\PincodeUtility.dll...
5/26/2020 9:23:44 AM, Info: Verifying assembly D:\C#\s#\Crestron-Ssharp-Pincode\PincodeUtility\PincodeUtility\bin\Debug\PincodeUtility.dll
5/26/2020 9:23:44 AM, Info: Creating Archive D:\C#\s#\Crestron-Ssharp-Pincode\PincodeUtility\PincodeUtility\bin\Debug\PincodeUtility.cpz...
5/26/2020 9:23:46 AM, Info: Saving project information...
5/26/2020 9:27:07 AM, Info: Terminating SIMPLSharp Services
